<?xml version="1.0" encoding="UTF-8"?>
<!-- Generated by org.testng.reporters.JUnitReportReporter -->
<testsuite hostname="LAPTOP-AF9HT2PR" failures="0" tests="1" name="citigroup.nbs.FirstProgram" time="11.018" errors="0" timestamp="22 Nov 2018 02:54:05 GMT" skipped="0">
  <testcase classname="citigroup.nbs.FirstProgram" name="sample" time="11.018"/>
</testsuite> <!-- citigroup.nbs.FirstProgram -->
